Thu Jan 05 22:17:30 CET 2017  [debug] AvalonLogSystem initialized using logfile 'velocity.log'
Thu Jan 05 22:17:30 CET 2017   [info] ************************************************************** 
Thu Jan 05 22:17:30 CET 2017   [info] Starting Jakarta Velocity v1.4
Thu Jan 05 22:17:30 CET 2017   [info] RuntimeInstance initializing.
Thu Jan 05 22:17:30 CET 2017   [info] Default Properties File: org\apache\velocity\runtime\defaults\velocity.properties
Thu Jan 05 22:17:30 CET 2017   [info] Trying to use logger class org.apache.velocity.runtime.log.AvalonLogSystem
Thu Jan 05 22:17:30 CET 2017   [info] Using logger class org.apache.velocity.runtime.log.AvalonLogSystem
Thu Jan 05 22:17:30 CET 2017   [info] Default ResourceManager initializing. (class org.apache.velocity.runtime.resource.ResourceManagerImpl)
Thu Jan 05 22:17:30 CET 2017   [info] Resource Loader Instantiated: org.apache.velocity.runtime.resource.loader.JarResourceLoader
Thu Jan 05 22:17:30 CET 2017   [info] JarResourceLoader : initialization starting.
Thu Jan 05 22:17:30 CET 2017   [info] JarResourceLoader # of paths : 1
Thu Jan 05 22:17:30 CET 2017   [info] JarResourceLoader : trying to load: jar:file:/C:/Users/Carla/.m2/repository/org/codehaus/mojo/webstart-maven-plugin/1.0-beta-6/webstart-maven-plugin-1.0-beta-6.jar!/
Thu Jan 05 22:17:30 CET 2017   [info]   JarHolder : attempting to connect to jar:file:/C:/Users/Carla/.m2/repository/org/codehaus/mojo/webstart-maven-plugin/1.0-beta-6/webstart-maven-plugin-1.0-beta-6.jar!/
Thu Jan 05 22:17:30 CET 2017   [info]   JarHolder : initialized JAR: jar:file:/C:/Users/Carla/.m2/repository/org/codehaus/mojo/webstart-maven-plugin/1.0-beta-6/webstart-maven-plugin-1.0-beta-6.jar!/
Thu Jan 05 22:17:30 CET 2017   [info] JarResourceLoader : initialization complete.
Thu Jan 05 22:17:30 CET 2017   [info] ResourceCache : initialized. (class org.apache.velocity.runtime.resource.ResourceCacheImpl)
Thu Jan 05 22:17:30 CET 2017   [info] Default ResourceManager initialization complete.
Thu Jan 05 22:17:30 CET 2017   [info] Loaded System Directive: org.apache.velocity.runtime.directive.Literal
Thu Jan 05 22:17:30 CET 2017   [info] Loaded System Directive: org.apache.velocity.runtime.directive.Macro
Thu Jan 05 22:17:30 CET 2017   [info] Loaded System Directive: org.apache.velocity.runtime.directive.Parse
Thu Jan 05 22:17:30 CET 2017   [info] Loaded System Directive: org.apache.velocity.runtime.directive.Include
Thu Jan 05 22:17:30 CET 2017   [info] Loaded System Directive: org.apache.velocity.runtime.directive.Foreach
Thu Jan 05 22:17:30 CET 2017   [info] Created: 20 parsers.
Thu Jan 05 22:17:30 CET 2017   [info] Velocimacro : initialization starting.
Thu Jan 05 22:17:30 CET 2017   [info] Velocimacro : adding VMs from VM library template : VM_global_library.vm
Thu Jan 05 22:17:30 CET 2017  [error] ResourceManager : unable to find resource 'VM_global_library.vm' in any resource loader.
Thu Jan 05 22:17:30 CET 2017   [info] Velocimacro : error using  VM library template VM_global_library.vm : org.apache.velocity.exception.ResourceNotFoundException: Unable to find resource 'VM_global_library.vm'
Thu Jan 05 22:17:30 CET 2017   [info] Velocimacro :  VM library template macro registration complete.
Thu Jan 05 22:17:30 CET 2017   [info] Velocimacro : allowInline = true : VMs can be defined inline in templates
Thu Jan 05 22:17:30 CET 2017   [info] Velocimacro : allowInlineToOverride = false : VMs defined inline may NOT replace previous VM definitions
Thu Jan 05 22:17:30 CET 2017   [info] Velocimacro : allowInlineLocal = false : VMs defined inline will be  global in scope if allowed.
Thu Jan 05 22:17:30 CET 2017   [info] Velocimacro : messages on  : VM system will output logging messages
Thu Jan 05 22:17:30 CET 2017   [info] Velocimacro : autoload off  : VM system will not automatically reload global library macros
Thu Jan 05 22:17:30 CET 2017   [info] Velocimacro : initialization complete.
Thu Jan 05 22:17:30 CET 2017   [info] Velocity successfully started.
Thu Jan 05 22:17:30 CET 2017   [info] ResourceManager : found default-jnlp-template.vm with loader org.apache.velocity.runtime.resource.loader.JarResourceLoader
